<?xml version="1.0" encoding="UTF-8"?>
<!-- Generated by org.testng.reporters.JUnitReportReporter -->
<testsuite hostname="LTIN202182" failures="0" tests="8" name="testCases.TC_001_HomePageCab" time="34.034" errors="0" timestamp="2024-02-29T00:58:04 IST" skipped="0">
  <testcase classname="testCases.TC_001_HomePageCab" name="closeAdvertisement" time="20.339"/>
  <testcase classname="testCases.TC_001_HomePageCab" name="cabSelectTest" time="0.733"/>
  <testcase classname="testCases.TC_001_HomePageCab" name="selectFromCity" time="1.588"/>
  <testcase classname="testCases.TC_001_HomePageCab" name="selectToCity" time="2.288"/>
  <testcase classname="testCases.TC_001_HomePageCab" name="selectPickUpDate" time="0.216"/>
  <testcase classname="testCases.TC_001_HomePageCab" name="selectPickUpTime" time="1.584"/>
  <testcase classname="testCases.TC_001_HomePageCab" name="clickSearchButton" time="2.587"/>
  <testcase classname="testCases.TC_001_HomePageCab" name="verifySUVs" time="4.699"/>
</testsuite> <!-- testCases.TC_001_HomePageCab -->
