<?xml version="1.0" encoding="UTF-8"?>
<!-- Generated by org.testng.reporters.JUnitReportReporter -->
<testsuite hostname="LTIN202182" failures="0" tests="3" name="testCases.TC_002_GiftCardPage" time="28.580" errors="0" timestamp="2024-02-29T00:58:04 IST" skipped="0">
  <testcase classname="testCases.TC_002_GiftCardPage" name="weddingCardTest" time="24.356"/>
  <testcase classname="testCases.TC_002_GiftCardPage" name="enterUserDetailsTest" time="3.743"/>
  <testcase classname="testCases.TC_002_GiftCardPage" name="getErrorMessage" time="0.481"/>
</testsuite> <!-- testCases.TC_002_GiftCardPage -->
