<?xml version="1.0" encoding="UTF-8"?>
<!-- Generated by org.testng.reporters.JUnitReportReporter -->
<testsuite hostname="LTIN202182" failures="0" tests="2" name="testCases.TC_003_UserDetails" time="26.114" errors="0" timestamp="2024-02-26T16:14:37 IST" skipped="0">
  <testcase classname="testCases.TC_003_UserDetails" name="clickHotels" time="20.480"/>
  <testcase classname="testCases.TC_003_UserDetails" name="getNumberOfPeopleTest" time="5.634"/>
</testsuite> <!-- testCases.TC_003_UserDetails -->
