<?xml version="1.0" encoding="UTF-8"?>
<!-- Generated by org.testng.reporters.JUnitReportReporter -->
<testsuite hostname="LTIN202182" failures="0" tests="3" name="testCases.TC_002_GiftCardPage" time="33.282" errors="0" timestamp="2024-02-26T16:14:37 IST" skipped="0">
  <testcase classname="testCases.TC_002_GiftCardPage" name="weddingCardTest" time="27.980"/>
  <testcase classname="testCases.TC_002_GiftCardPage" name="enterUserDetailsTest" time="4.759"/>
  <testcase classname="testCases.TC_002_GiftCardPage" name="getErrorMessage" time="0.543"/>
</testsuite> <!-- testCases.TC_002_GiftCardPage -->
