<?xml version="1.0" encoding="UTF-8"?>
<!-- Generated by org.testng.reporters.JUnitReportReporter -->
<testsuite hostname="LTIN202182" failures="0" tests="8" name="testCases.TC_001_HomePageCab" time="35.757" errors="0" timestamp="2024-02-26T16:14:37 IST" skipped="0">
  <testcase classname="testCases.TC_001_HomePageCab" name="closeAdvertisement" time="20.343"/>
  <testcase classname="testCases.TC_001_HomePageCab" name="cabSelectTest" time="0.707"/>
  <testcase classname="testCases.TC_001_HomePageCab" name="selectFromCity" time="1.705"/>
  <testcase classname="testCases.TC_001_HomePageCab" name="selectToCity" time="2.121"/>
  <testcase classname="testCases.TC_001_HomePageCab" name="selectPickUpDate" time="0.213"/>
  <testcase classname="testCases.TC_001_HomePageCab" name="selectPickUpTime" time="1.653"/>
  <testcase classname="testCases.TC_001_HomePageCab" name="clickSearchButton" time="3.873"/>
  <testcase classname="testCases.TC_001_HomePageCab" name="verifySUVs" time="5.142"/>
</testsuite> <!-- testCases.TC_001_HomePageCab -->
