<?xml version="1.0" encoding="UTF-8"?>
<!-- Generated by org.testng.reporters.JUnitReportReporter -->
<testsuite hostname="LTIN202182" failures="0" tests="8" name="testCases.TC_001_HomePageCab" time="44.474" errors="0" timestamp="2024-02-28T21:50:12 IST" skipped="0">
  <testcase classname="testCases.TC_001_HomePageCab" name="closeAdvertisement" time="20.675"/>
  <testcase classname="testCases.TC_001_HomePageCab" name="cabSelectTest" time="0.738"/>
  <testcase classname="testCases.TC_001_HomePageCab" name="selectFromCity" time="1.576"/>
  <testcase classname="testCases.TC_001_HomePageCab" name="selectToCity" time="4.794"/>
  <testcase classname="testCases.TC_001_HomePageCab" name="selectPickUpDate" time="0.471"/>
  <testcase classname="testCases.TC_001_HomePageCab" name="selectPickUpTime" time="3.679"/>
  <testcase classname="testCases.TC_001_HomePageCab" name="clickSearchButton" time="6.343"/>
  <testcase classname="testCases.TC_001_HomePageCab" name="verifySUVs" time="6.198"/>
</testsuite> <!-- testCases.TC_001_HomePageCab -->
