<?xml version="1.0" encoding="UTF-8"?>
<!-- Generated by org.testng.reporters.JUnitReportReporter -->
<testsuite hostname="LTIN202182" failures="0" tests="3" name="testCases.TC_002_GiftCardPage" time="28.026" errors="0" timestamp="2024-02-28T21:50:12 IST" skipped="0">
  <testcase classname="testCases.TC_002_GiftCardPage" name="weddingCardTest" time="23.553"/>
  <testcase classname="testCases.TC_002_GiftCardPage" name="enterUserDetailsTest" time="4.043"/>
  <testcase classname="testCases.TC_002_GiftCardPage" name="getErrorMessage" time="0.430"/>
</testsuite> <!-- testCases.TC_002_GiftCardPage -->
