<?xml version="1.0" encoding="UTF-8"?>
<!-- Generated by org.testng.reporters.JUnitReportReporter -->
<testsuite hostname="LTIN202182" failures="0" tests="13" name="testCases.TC_004_UserDetails" time="70.346" errors="0" timestamp="2024-02-13T16:08:14 IST" skipped="0">
  <testcase classname="testCases.TC_004_UserDetails" name="verifySUVsDisplayed" time="13.742"/>
  <testcase classname="testCases.TC_004_UserDetails" name="cabSelectTest" time="0.855"/>
  <testcase classname="testCases.TC_004_UserDetails" name="selectFromCity" time="2.225"/>
  <testcase classname="testCases.TC_004_UserDetails" name="selectToCity" time="3.161"/>
  <testcase classname="testCases.TC_004_UserDetails" name="selectPickUpDate" time="0.722"/>
  <testcase classname="testCases.TC_004_UserDetails" name="selectPickUpTime" time="2.977"/>
  <testcase classname="testCases.TC_004_UserDetails" name="clickSearchButton" time="5.915"/>
  <testcase classname="testCases.TC_004_UserDetails" name="verifySUVs" time="3.848"/>
  <testcase classname="testCases.TC_004_UserDetails" name="weddingCardTest" time="16.986"/>
  <testcase classname="testCases.TC_004_UserDetails" name="enterUserDetailsTest" time="10.604"/>
  <testcase classname="testCases.TC_004_UserDetails" name="getErrorMessage" time="0.888"/>
  <testcase classname="testCases.TC_004_UserDetails" name="clickHotels" time="2.445"/>
  <testcase classname="testCases.TC_004_UserDetails" name="getNumberOfPeopleTest" time="5.978"/>
</testsuite> <!-- testCases.TC_004_UserDetails -->
