<?xml version="1.0" encoding="UTF-8"?>
<!-- Generated by org.testng.reporters.JUnitReportReporter -->
<testsuite hostname="LTIN202182" failures="0" tests="2" name="testCases.TC_003_UserDetails" time="24.798" errors="0" timestamp="2024-02-28T21:50:12 IST" skipped="0">
  <testcase classname="testCases.TC_003_UserDetails" name="clickHotels" time="20.352"/>
  <testcase classname="testCases.TC_003_UserDetails" name="getNumberOfPeopleTest" time="4.446"/>
</testsuite> <!-- testCases.TC_003_UserDetails -->
